<?xml version="1.0" encoding="UTF-8"?>
<testng-results skipped="0" failed="0" ignored="0" total="1" passed="1">
  <reporter-output>
  </reporter-output>
  <suite name="Surefire suite" duration-ms="18155" started-at="2020-11-05T18:10:43 IST" finished-at="2020-11-05T18:11:01 IST">
    <groups>
    </groups>
    <test name="Surefire test" duration-ms="18155" started-at="2020-11-05T18:10:43 IST" finished-at="2020-11-05T18:11:01 IST">
      <class name="com.testcases.qa.TestUrl">
        <test-method status="PASS" signature="init()[pri:0, instance:com.testcases.qa.TestUrl@6adede5]" name="init" is-config="true" duration-ms="5687" started-at="2020-11-05T18:10:43 IST" finished-at="2020-11-05T18:10:49 IST">
          <reporter-output>
          </reporter-output>
        </test-method> <!-- init -->
        <test-method status="PASS" signature="checkUrl()[pri:0, instance:com.testcases.qa.TestUrl@6adede5]" name="checkUrl" duration-ms="12460" started-at="2020-11-05T18:10:49 IST" finished-at="2020-11-05T18:11:01 IST">
          <reporter-output>
          </reporter-output>
        </test-method> <!-- checkUrl -->
      </class> <!-- com.testcases.qa.TestUrl -->
    </test> <!-- Surefire test -->
  </suite> <!-- Surefire suite -->
</testng-results>
