<?xml version="1.0" encoding="UTF-8"?>
<testng-results skipped="0" failed="0" ignored="0" total="1" passed="1">
  <reporter-output>
  </reporter-output>
  <suite name="Surefire suite" duration-ms="72359" started-at="2020-12-29T16:44:58 IST" finished-at="2020-12-29T16:46:10 IST">
    <groups>
    </groups>
    <test name="Surefire test" duration-ms="72359" started-at="2020-12-29T16:44:58 IST" finished-at="2020-12-29T16:46:10 IST">
      <class name="com.testcases.qa.TestUrl">
        <test-method status="PASS" signature="init()[pri:0, instance:com.testcases.qa.TestUrl@3c0f93f1]" name="init" is-config="true" duration-ms="52429" started-at="2020-12-29T16:44:58 IST" finished-at="2020-12-29T16:45:50 IST">
          <reporter-output>
          </reporter-output>
        </test-method> <!-- init -->
        <test-method status="PASS" signature="handleMultiWin()[pri:0, instance:com.testcases.qa.TestUrl@3c0f93f1]" name="handleMultiWin" duration-ms="19908" started-at="2020-12-29T16:45:50 IST" finished-at="2020-12-29T16:46:10 IST">
          <reporter-output>
          </reporter-output>
        </test-method> <!-- handleMultiWin -->
      </class> <!-- com.testcases.qa.TestUrl -->
    </test> <!-- Surefire test -->
  </suite> <!-- Surefire suite -->
</testng-results>
