<?xml version="1.0" encoding="UTF-8"?>
<testng-results skipped="0" failed="0" total="1" passed="1">
  <reporter-output>
  </reporter-output>
  <suite name="Suite" duration-ms="44830" started-at="2021-01-11T07:49:01Z" finished-at="2021-01-11T07:49:46Z">
    <groups>
    </groups>
    <test name="Test" duration-ms="44830" started-at="2021-01-11T07:49:01Z" finished-at="2021-01-11T07:49:46Z">
      <class name="com.testcases.qa.TestUrl">
        <test-method status="PASS" signature="init()[pri:0, instance:com.testcases.qa.TestUrl@4b9e13df]" name="init" is-config="true" duration-ms="27918" started-at="2021-01-11T13:19:01Z" finished-at="2021-01-11T13:19:29Z">
          <reporter-output>
          </reporter-output>
        </test-method> <!-- init -->
        <test-method status="PASS" signature="handleMultiWin()[pri:0, instance:com.testcases.qa.TestUrl@4b9e13df]" name="handleMultiWin" duration-ms="16880" started-at="2021-01-11T13:19:29Z" finished-at="2021-01-11T13:19:46Z">
          <reporter-output>
          </reporter-output>
        </test-method> <!-- handleMultiWin -->
      </class> <!-- com.testcases.qa.TestUrl -->
    </test> <!-- Test -->
  </suite> <!-- Suite -->
</testng-results>
